[debug] [2025-05-18T14:12:07.655Z] ----------------------------------------------------------------------
[debug] [2025-05-18T14:12:07.657Z] Command:       C:\Program Files\nodejs\node.exe C:\Users\Luis\AppData\Roaming\npm\node_modules\firebase-tools\lib\bin\firebase.js emulators:start --only firestore
[debug] [2025-05-18T14:12:07.657Z] CLI Version:   14.4.0
[debug] [2025-05-18T14:12:07.657Z] Platform:      win32
[debug] [2025-05-18T14:12:07.658Z] Node Version:  v20.16.0
[debug] [2025-05-18T14:12:07.658Z] Time:          Sun May 18 2025 22:12:07 GMT+0800 (China Standard Time)
[debug] [2025-05-18T14:12:07.658Z] ----------------------------------------------------------------------
[debug] 
[debug] [2025-05-18T14:12:07.867Z] > command requires scopes: ["email","openid","https://www.googleapis.com/auth/cloudplatformprojects.readonly","https://www.googleapis.com/auth/firebase","https://www.googleapis.com/auth/cloud-platform"]
[debug] [2025-05-18T14:12:07.867Z] > authorizing via signed-in user (luisgabrielle1026@gmail.com)
[debug] [2025-05-18T14:12:08.113Z] java version "20.0.2" 2023-07-18

[debug] [2025-05-18T14:12:08.114Z] Java(TM) SE Runtime Environment (build 20.0.2+9-78)
Java HotSpot(TM) 64-Bit Server VM (build 20.0.2+9-78, mixed mode, sharing)

[debug] [2025-05-18T14:12:08.125Z] Parsed Java major version: 20
[info] i  emulators: Starting emulators: firestore {"metadata":{"emulator":{"name":"hub"},"message":"Starting emulators: firestore"}}
[debug] [2025-05-18T14:12:08.134Z] [logging] Logging Emulator only supports listening on one address (127.0.0.1). Not listening on ::1
[debug] [2025-05-18T14:12:08.134Z] [firestore] Firestore Emulator only supports listening on one address (127.0.0.1). Not listening on ::1
[debug] [2025-05-18T14:12:08.134Z] [firestore.websocket] websocket server for firestore only supports listening on one address (127.0.0.1). Not listening on ::1
[debug] [2025-05-18T14:12:08.134Z] assigned listening specs for emulators {"user":{"hub":[{"address":"127.0.0.1","family":"IPv4","port":4400},{"address":"::1","family":"IPv6","port":4400}],"ui":[{"address":"127.0.0.1","family":"IPv4","port":9000},{"address":"::1","family":"IPv6","port":9000}],"logging":[{"address":"127.0.0.1","family":"IPv4","port":4500}],"firestore":[{"address":"127.0.0.1","family":"IPv4","port":8080}],"firestore.websocket":[{"address":"127.0.0.1","family":"IPv4","port":9150}]},"metadata":{"message":"assigned listening specs for emulators"}}
[debug] [2025-05-18T14:12:08.138Z] [hub] writing locator at C:\Users\Luis\AppData\Local\Temp\hub-nurse-joy-d34d3.json
[warn] !  firestore: Cloud Firestore Emulator does not support multiple databases yet. {"metadata":{"emulator":{"name":"firestore"},"message":"Cloud Firestore Emulator does not support multiple databases yet."}}
[warn] !  firestore: Did not find a Cloud Firestore rules file specified in a firebase.json config file. {"metadata":{"emulator":{"name":"firestore"},"message":"Did not find a Cloud Firestore rules file specified in a firebase.json config file."}}
[warn] !  firestore: The emulator will default to allowing all reads and writes. Learn more about this option: https://firebase.google.com/docs/emulator-suite/install_and_configure#security_rules_configuration. {"metadata":{"emulator":{"name":"firestore"},"message":"The emulator will default to allowing all reads and writes. Learn more about this option: https://firebase.google.com/docs/emulator-suite/install_and_configure#security_rules_configuration."}}
[debug] [2025-05-18T14:12:08.148Z] Ignoring unsupported arg: auto_download {"metadata":{"emulator":{"name":"firestore"},"message":"Ignoring unsupported arg: auto_download"}}
[debug] [2025-05-18T14:12:08.149Z] Ignoring unsupported arg: single_project_mode_error {"metadata":{"emulator":{"name":"firestore"},"message":"Ignoring unsupported arg: single_project_mode_error"}}
[debug] [2025-05-18T14:12:08.149Z] Starting Firestore Emulator with command {"binary":"java","args":["-Dgoogle.cloud_firestore.debug_log_level=FINE","-Duser.language=en","-jar","C:\\Users\\Luis\\.cache\\firebase\\emulators\\cloud-firestore-emulator-v1.19.8.jar","--host","127.0.0.1","--port",8080,"--websocket_port",9150,"--project_id","nurse-joy-d34d3","--single_project_mode",true],"optionalArgs":["port","webchannel_port","host","rules","websocket_port","functions_emulator","seed_from_export","project_id","single_project_mode"],"joinArgs":false,"shell":false,"port":8080} {"metadata":{"emulator":{"name":"firestore"},"message":"Starting Firestore Emulator with command {\"binary\":\"java\",\"args\":[\"-Dgoogle.cloud_firestore.debug_log_level=FINE\",\"-Duser.language=en\",\"-jar\",\"C:\\\\Users\\\\Luis\\\\.cache\\\\firebase\\\\emulators\\\\cloud-firestore-emulator-v1.19.8.jar\",\"--host\",\"127.0.0.1\",\"--port\",8080,\"--websocket_port\",9150,\"--project_id\",\"nurse-joy-d34d3\",\"--single_project_mode\",true],\"optionalArgs\":[\"port\",\"webchannel_port\",\"host\",\"rules\",\"websocket_port\",\"functions_emulator\",\"seed_from_export\",\"project_id\",\"single_project_mode\"],\"joinArgs\":false,\"shell\":false,\"port\":8080}"}}
[info] i  firestore: Firestore Emulator logging to firestore-debug.log {"metadata":{"emulator":{"name":"firestore"},"message":"Firestore Emulator logging to \u001b[1mfirestore-debug.log\u001b[22m"}}
[info] +  firestore: Firestore Emulator UI websocket is running on 9150. {"metadata":{"emulator":{"name":"firestore"},"message":"Firestore Emulator UI websocket is running on 9150."}}
[info] i  ui: downloading ui-v1.15.0.zip... {"metadata":{"emulator":{"name":"ui"},"message":"downloading ui-v1.15.0.zip..."}}
[debug] [2025-05-18T14:12:10.426Z] >>> [apiv2][query] GET https://storage.googleapis.com/firebase-preview-drop/emulator/ui-v1.15.0.zip 
[debug] [2025-05-18T14:12:10.942Z] <<< [apiv2][status] GET https://storage.googleapis.com/firebase-preview-drop/emulator/ui-v1.15.0.zip 200
[debug] [2025-05-18T14:12:10.943Z] <<< [apiv2][body] GET https://storage.googleapis.com/firebase-preview-drop/emulator/ui-v1.15.0.zip [stream]
[debug] [2025-05-18T14:12:12.399Z] Data is 3538469
[debug] [2025-05-18T14:12:12.399Z] [unzip] Entry: client/ (compressed_size=0 bytes, uncompressed_size=0 bytes)
[debug] [2025-05-18T14:12:12.399Z] [unzip] Processing entry: client\
[debug] [2025-05-18T14:12:12.399Z] [unzip] mkdir: C:\Users\Luis\.cache\firebase\emulators\ui-v1.15.0\client\
[debug] [2025-05-18T14:12:12.400Z] [unzip] Entry: client/favicon-16x16.png (compressed_size=293 bytes, uncompressed_size=293 bytes)
[debug] [2025-05-18T14:12:12.400Z] [unzip] Processing entry: client\favicon-16x16.png
[debug] [2025-05-18T14:12:12.400Z] [unzip] else mkdir: C:\Users\Luis\.cache\firebase\emulators\ui-v1.15.0\client
[debug] [2025-05-18T14:12:12.401Z] [unzip] Writing file: C:\Users\Luis\.cache\firebase\emulators\ui-v1.15.0\client\favicon-16x16.png
[debug] [2025-05-18T14:12:12.402Z] [unzip] Entry: client/safari-pinned-tab.svg (compressed_size=1433 bytes, uncompressed_size=2611 bytes)
[debug] [2025-05-18T14:12:12.402Z] [unzip] Processing entry: client\safari-pinned-tab.svg
[debug] [2025-05-18T14:12:12.402Z] [unzip] else mkdir: C:\Users\Luis\.cache\firebase\emulators\ui-v1.15.0\client
[debug] [2025-05-18T14:12:12.402Z] [unzip] deflating: C:\Users\Luis\.cache\firebase\emulators\ui-v1.15.0\client\safari-pinned-tab.svg
[debug] [2025-05-18T14:12:12.405Z] [unzip] Entry: client/favicon.ico (compressed_size=2933 bytes, uncompressed_size=13294 bytes)
[debug] [2025-05-18T14:12:12.405Z] [unzip] Processing entry: client\favicon.ico
[debug] [2025-05-18T14:12:12.406Z] [unzip] else mkdir: C:\Users\Luis\.cache\firebase\emulators\ui-v1.15.0\client
[debug] [2025-05-18T14:12:12.406Z] [unzip] deflating: C:\Users\Luis\.cache\firebase\emulators\ui-v1.15.0\client\favicon.ico
[debug] [2025-05-18T14:12:12.407Z] [unzip] Entry: client/index.html (compressed_size=1364 bytes, uncompressed_size=3071 bytes)
[debug] [2025-05-18T14:12:12.408Z] [unzip] Processing entry: client\index.html
[debug] [2025-05-18T14:12:12.408Z] [unzip] else mkdir: C:\Users\Luis\.cache\firebase\emulators\ui-v1.15.0\client
[debug] [2025-05-18T14:12:12.408Z] [unzip] deflating: C:\Users\Luis\.cache\firebase\emulators\ui-v1.15.0\client\index.html
[debug] [2025-05-18T14:12:12.410Z] [unzip] Entry: client/android-chrome-192x192.png (compressed_size=2684 bytes, uncompressed_size=2684 bytes)
[debug] [2025-05-18T14:12:12.410Z] [unzip] Processing entry: client\android-chrome-192x192.png
[debug] [2025-05-18T14:12:12.410Z] [unzip] else mkdir: C:\Users\Luis\.cache\firebase\emulators\ui-v1.15.0\client
[debug] [2025-05-18T14:12:12.410Z] [unzip] Writing file: C:\Users\Luis\.cache\firebase\emulators\ui-v1.15.0\client\android-chrome-192x192.png
[debug] [2025-05-18T14:12:12.411Z] [unzip] Entry: client/apple-touch-icon.png (compressed_size=2123 bytes, uncompressed_size=2152 bytes)
[debug] [2025-05-18T14:12:12.411Z] [unzip] Processing entry: client\apple-touch-icon.png
[debug] [2025-05-18T14:12:12.411Z] [unzip] else mkdir: C:\Users\Luis\.cache\firebase\emulators\ui-v1.15.0\client
[debug] [2025-05-18T14:12:12.412Z] [unzip] deflating: C:\Users\Luis\.cache\firebase\emulators\ui-v1.15.0\client\apple-touch-icon.png
[debug] [2025-05-18T14:12:12.413Z] [unzip] Entry: client/android-chrome-512x512.png (compressed_size=5369 bytes, uncompressed_size=5411 bytes)
[debug] [2025-05-18T14:12:12.413Z] [unzip] Processing entry: client\android-chrome-512x512.png
[debug] [2025-05-18T14:12:12.413Z] [unzip] else mkdir: C:\Users\Luis\.cache\firebase\emulators\ui-v1.15.0\client
[debug] [2025-05-18T14:12:12.413Z] [unzip] deflating: C:\Users\Luis\.cache\firebase\emulators\ui-v1.15.0\client\android-chrome-512x512.png
[debug] [2025-05-18T14:12:12.414Z] [unzip] Entry: client/manifest.json (compressed_size=245 bytes, uncompressed_size=551 bytes)
[debug] [2025-05-18T14:12:12.414Z] [unzip] Processing entry: client\manifest.json
[debug] [2025-05-18T14:12:12.414Z] [unzip] else mkdir: C:\Users\Luis\.cache\firebase\emulators\ui-v1.15.0\client
[debug] [2025-05-18T14:12:12.414Z] [unzip] deflating: C:\Users\Luis\.cache\firebase\emulators\ui-v1.15.0\client\manifest.json
[debug] [2025-05-18T14:12:12.416Z] [unzip] Entry: client/robots.txt (compressed_size=26 bytes, uncompressed_size=26 bytes)
[debug] [2025-05-18T14:12:12.416Z] [unzip] Processing entry: client\robots.txt
[debug] [2025-05-18T14:12:12.416Z] [unzip] else mkdir: C:\Users\Luis\.cache\firebase\emulators\ui-v1.15.0\client
[debug] [2025-05-18T14:12:12.416Z] [unzip] Writing file: C:\Users\Luis\.cache\firebase\emulators\ui-v1.15.0\client\robots.txt
[debug] [2025-05-18T14:12:12.416Z] [unzip] Entry: client/mstile-150x150.png (compressed_size=2034 bytes, uncompressed_size=2034 bytes)
[debug] [2025-05-18T14:12:12.416Z] [unzip] Processing entry: client\mstile-150x150.png
[debug] [2025-05-18T14:12:12.417Z] [unzip] else mkdir: C:\Users\Luis\.cache\firebase\emulators\ui-v1.15.0\client
[debug] [2025-05-18T14:12:12.417Z] [unzip] Writing file: C:\Users\Luis\.cache\firebase\emulators\ui-v1.15.0\client\mstile-150x150.png
[debug] [2025-05-18T14:12:12.417Z] [unzip] Entry: client/assets/ (compressed_size=0 bytes, uncompressed_size=0 bytes)
[debug] [2025-05-18T14:12:12.417Z] [unzip] Processing entry: client\assets\
[debug] [2025-05-18T14:12:12.417Z] [unzip] mkdir: C:\Users\Luis\.cache\firebase\emulators\ui-v1.15.0\client\assets\
[debug] [2025-05-18T14:12:12.418Z] [unzip] Entry: client/assets/index-BX-A56oj.js (compressed_size=582089 bytes, uncompressed_size=2092775 bytes)
[debug] [2025-05-18T14:12:12.418Z] [unzip] Processing entry: client\assets\index-BX-A56oj.js
[debug] [2025-05-18T14:12:12.418Z] [unzip] else mkdir: C:\Users\Luis\.cache\firebase\emulators\ui-v1.15.0\client\assets
[debug] [2025-05-18T14:12:12.418Z] [unzip] deflating: C:\Users\Luis\.cache\firebase\emulators\ui-v1.15.0\client\assets\index-BX-A56oj.js
[debug] [2025-05-18T14:12:12.428Z] [unzip] Entry: client/assets/index-CjB9C900.css (compressed_size=35979 bytes, uncompressed_size=298654 bytes)
[debug] [2025-05-18T14:12:12.429Z] [unzip] Processing entry: client\assets\index-CjB9C900.css
[debug] [2025-05-18T14:12:12.429Z] [unzip] else mkdir: C:\Users\Luis\.cache\firebase\emulators\ui-v1.15.0\client\assets
[debug] [2025-05-18T14:12:12.429Z] [unzip] deflating: C:\Users\Luis\.cache\firebase\emulators\ui-v1.15.0\client\assets\index-CjB9C900.css
[debug] [2025-05-18T14:12:12.431Z] [unzip] Entry: client/assets/index-BX-A56oj.js.map (compressed_size=2362482 bytes, uncompressed_size=10036679 bytes)
[debug] [2025-05-18T14:12:12.431Z] [unzip] Processing entry: client\assets\index-BX-A56oj.js.map
[debug] [2025-05-18T14:12:12.431Z] [unzip] else mkdir: C:\Users\Luis\.cache\firebase\emulators\ui-v1.15.0\client\assets
[debug] [2025-05-18T14:12:12.431Z] [unzip] deflating: C:\Users\Luis\.cache\firebase\emulators\ui-v1.15.0\client\assets\index-BX-A56oj.js.map
[debug] [2025-05-18T14:12:12.467Z] [unzip] Entry: client/assets/extensions/ (compressed_size=0 bytes, uncompressed_size=0 bytes)
[debug] [2025-05-18T14:12:12.467Z] [unzip] Processing entry: client\assets\extensions\
[debug] [2025-05-18T14:12:12.467Z] [unzip] mkdir: C:\Users\Luis\.cache\firebase\emulators\ui-v1.15.0\client\assets\extensions\
[debug] [2025-05-18T14:12:12.468Z] [unzip] Entry: client/assets/extensions/default-extension.png (compressed_size=1646 bytes, uncompressed_size=1657 bytes)
[debug] [2025-05-18T14:12:12.468Z] [unzip] Processing entry: client\assets\extensions\default-extension.png
[debug] [2025-05-18T14:12:12.468Z] [unzip] else mkdir: C:\Users\Luis\.cache\firebase\emulators\ui-v1.15.0\client\assets\extensions
[debug] [2025-05-18T14:12:12.468Z] [unzip] deflating: C:\Users\Luis\.cache\firebase\emulators\ui-v1.15.0\client\assets\extensions\default-extension.png
[debug] [2025-05-18T14:12:12.469Z] [unzip] Entry: client/assets/img/ (compressed_size=0 bytes, uncompressed_size=0 bytes)
[debug] [2025-05-18T14:12:12.469Z] [unzip] Processing entry: client\assets\img\
[debug] [2025-05-18T14:12:12.469Z] [unzip] mkdir: C:\Users\Luis\.cache\firebase\emulators\ui-v1.15.0\client\assets\img\
[debug] [2025-05-18T14:12:12.470Z] [unzip] Entry: client/assets/img/database.png (compressed_size=29449 bytes, uncompressed_size=29988 bytes)
[debug] [2025-05-18T14:12:12.470Z] [unzip] Processing entry: client\assets\img\database.png
[debug] [2025-05-18T14:12:12.470Z] [unzip] else mkdir: C:\Users\Luis\.cache\firebase\emulators\ui-v1.15.0\client\assets\img
[debug] [2025-05-18T14:12:12.470Z] [unzip] deflating: C:\Users\Luis\.cache\firebase\emulators\ui-v1.15.0\client\assets\img\database.png
[debug] [2025-05-18T14:12:12.471Z] [unzip] Entry: client/assets/provider-icons/ (compressed_size=0 bytes, uncompressed_size=0 bytes)
[debug] [2025-05-18T14:12:12.471Z] [unzip] Processing entry: client\assets\provider-icons\
[debug] [2025-05-18T14:12:12.471Z] [unzip] mkdir: C:\Users\Luis\.cache\firebase\emulators\ui-v1.15.0\client\assets\provider-icons\
[debug] [2025-05-18T14:12:12.472Z] [unzip] Entry: client/assets/provider-icons/auth_service_saml.svg (compressed_size=575 bytes, uncompressed_size=1226 bytes)
[debug] [2025-05-18T14:12:12.472Z] [unzip] Processing entry: client\assets\provider-icons\auth_service_saml.svg
[debug] [2025-05-18T14:12:12.472Z] [unzip] else mkdir: C:\Users\Luis\.cache\firebase\emulators\ui-v1.15.0\client\assets\provider-icons
[debug] [2025-05-18T14:12:12.472Z] [unzip] deflating: C:\Users\Luis\.cache\firebase\emulators\ui-v1.15.0\client\assets\provider-icons\auth_service_saml.svg
[debug] [2025-05-18T14:12:12.473Z] [unzip] Entry: client/assets/provider-icons/auth_service_phone.svg (compressed_size=261 bytes, uncompressed_size=414 bytes)
[debug] [2025-05-18T14:12:12.473Z] [unzip] Processing entry: client\assets\provider-icons\auth_service_phone.svg
[debug] [2025-05-18T14:12:12.473Z] [unzip] else mkdir: C:\Users\Luis\.cache\firebase\emulators\ui-v1.15.0\client\assets\provider-icons
[debug] [2025-05-18T14:12:12.473Z] [unzip] deflating: C:\Users\Luis\.cache\firebase\emulators\ui-v1.15.0\client\assets\provider-icons\auth_service_phone.svg
[debug] [2025-05-18T14:12:12.474Z] [unzip] Entry: client/assets/provider-icons/auth_service_facebook.svg (compressed_size=289 bytes, uncompressed_size=457 bytes)
[debug] [2025-05-18T14:12:12.474Z] [unzip] Processing entry: client\assets\provider-icons\auth_service_facebook.svg
[debug] [2025-05-18T14:12:12.474Z] [unzip] else mkdir: C:\Users\Luis\.cache\firebase\emulators\ui-v1.15.0\client\assets\provider-icons
[debug] [2025-05-18T14:12:12.474Z] [unzip] deflating: C:\Users\Luis\.cache\firebase\emulators\ui-v1.15.0\client\assets\provider-icons\auth_service_facebook.svg
[debug] [2025-05-18T14:12:12.475Z] [unzip] Entry: client/assets/provider-icons/auth_service_game_center.svg (compressed_size=991 bytes, uncompressed_size=3921 bytes)
[debug] [2025-05-18T14:12:12.475Z] [unzip] Processing entry: client\assets\provider-icons\auth_service_game_center.svg
[debug] [2025-05-18T14:12:12.475Z] [unzip] else mkdir: C:\Users\Luis\.cache\firebase\emulators\ui-v1.15.0\client\assets\provider-icons
[debug] [2025-05-18T14:12:12.475Z] [unzip] deflating: C:\Users\Luis\.cache\firebase\emulators\ui-v1.15.0\client\assets\provider-icons\auth_service_game_center.svg
[debug] [2025-05-18T14:12:12.476Z] [unzip] Entry: client/assets/provider-icons/auth_service_apple.svg (compressed_size=230 bytes, uncompressed_size=334 bytes)
[debug] [2025-05-18T14:12:12.476Z] [unzip] Processing entry: client\assets\provider-icons\auth_service_apple.svg
[debug] [2025-05-18T14:12:12.476Z] [unzip] else mkdir: C:\Users\Luis\.cache\firebase\emulators\ui-v1.15.0\client\assets\provider-icons
[debug] [2025-05-18T14:12:12.476Z] [unzip] deflating: C:\Users\Luis\.cache\firebase\emulators\ui-v1.15.0\client\assets\provider-icons\auth_service_apple.svg
[debug] [2025-05-18T14:12:12.477Z] [unzip] Entry: client/assets/provider-icons/auth_service_github.svg (compressed_size=466 bytes, uncompressed_size=838 bytes)
[debug] [2025-05-18T14:12:12.477Z] [unzip] Processing entry: client\assets\provider-icons\auth_service_github.svg
[debug] [2025-05-18T14:12:12.477Z] [unzip] else mkdir: C:\Users\Luis\.cache\firebase\emulators\ui-v1.15.0\client\assets\provider-icons
[debug] [2025-05-18T14:12:12.477Z] [unzip] deflating: C:\Users\Luis\.cache\firebase\emulators\ui-v1.15.0\client\assets\provider-icons\auth_service_github.svg
[debug] [2025-05-18T14:12:12.478Z] [unzip] Entry: client/assets/provider-icons/auth_service_mslive.svg (compressed_size=203 bytes, uncompressed_size=378 bytes)
[debug] [2025-05-18T14:12:12.478Z] [unzip] Processing entry: client\assets\provider-icons\auth_service_mslive.svg
[debug] [2025-05-18T14:12:12.478Z] [unzip] else mkdir: C:\Users\Luis\.cache\firebase\emulators\ui-v1.15.0\client\assets\provider-icons
[debug] [2025-05-18T14:12:12.478Z] [unzip] deflating: C:\Users\Luis\.cache\firebase\emulators\ui-v1.15.0\client\assets\provider-icons\auth_service_mslive.svg
[debug] [2025-05-18T14:12:12.479Z] [unzip] Entry: client/assets/provider-icons/auth_service_yahoo.svg (compressed_size=577 bytes, uncompressed_size=1182 bytes)
[debug] [2025-05-18T14:12:12.479Z] [unzip] Processing entry: client\assets\provider-icons\auth_service_yahoo.svg
[debug] [2025-05-18T14:12:12.479Z] [unzip] else mkdir: C:\Users\Luis\.cache\firebase\emulators\ui-v1.15.0\client\assets\provider-icons
[debug] [2025-05-18T14:12:12.479Z] [unzip] deflating: C:\Users\Luis\.cache\firebase\emulators\ui-v1.15.0\client\assets\provider-icons\auth_service_yahoo.svg
[debug] [2025-05-18T14:12:12.480Z] [unzip] Entry: client/assets/provider-icons/auth_service_twitter.svg (compressed_size=444 bytes, uncompressed_size=751 bytes)
[debug] [2025-05-18T14:12:12.480Z] [unzip] Processing entry: client\assets\provider-icons\auth_service_twitter.svg
[debug] [2025-05-18T14:12:12.480Z] [unzip] else mkdir: C:\Users\Luis\.cache\firebase\emulators\ui-v1.15.0\client\assets\provider-icons
[debug] [2025-05-18T14:12:12.480Z] [unzip] deflating: C:\Users\Luis\.cache\firebase\emulators\ui-v1.15.0\client\assets\provider-icons\auth_service_twitter.svg
[debug] [2025-05-18T14:12:12.481Z] [unzip] Entry: client/assets/provider-icons/auth_service_play_games.svg (compressed_size=565 bytes, uncompressed_size=1173 bytes)
[debug] [2025-05-18T14:12:12.481Z] [unzip] Processing entry: client\assets\provider-icons\auth_service_play_games.svg
[debug] [2025-05-18T14:12:12.481Z] [unzip] else mkdir: C:\Users\Luis\.cache\firebase\emulators\ui-v1.15.0\client\assets\provider-icons
[debug] [2025-05-18T14:12:12.481Z] [unzip] deflating: C:\Users\Luis\.cache\firebase\emulators\ui-v1.15.0\client\assets\provider-icons\auth_service_play_games.svg
[debug] [2025-05-18T14:12:12.482Z] [unzip] Entry: client/assets/provider-icons/auth_service_email.svg (compressed_size=228 bytes, uncompressed_size=326 bytes)
[debug] [2025-05-18T14:12:12.482Z] [unzip] Processing entry: client\assets\provider-icons\auth_service_email.svg
[debug] [2025-05-18T14:12:12.482Z] [unzip] else mkdir: C:\Users\Luis\.cache\firebase\emulators\ui-v1.15.0\client\assets\provider-icons
[debug] [2025-05-18T14:12:12.482Z] [unzip] deflating: C:\Users\Luis\.cache\firebase\emulators\ui-v1.15.0\client\assets\provider-icons\auth_service_email.svg
[debug] [2025-05-18T14:12:12.483Z] [unzip] Entry: client/assets/provider-icons/auth_service_google.svg (compressed_size=409 bytes, uncompressed_size=720 bytes)
[debug] [2025-05-18T14:12:12.483Z] [unzip] Processing entry: client\assets\provider-icons\auth_service_google.svg
[debug] [2025-05-18T14:12:12.483Z] [unzip] else mkdir: C:\Users\Luis\.cache\firebase\emulators\ui-v1.15.0\client\assets\provider-icons
[debug] [2025-05-18T14:12:12.483Z] [unzip] deflating: C:\Users\Luis\.cache\firebase\emulators\ui-v1.15.0\client\assets\provider-icons\auth_service_google.svg
[debug] [2025-05-18T14:12:12.484Z] [unzip] Entry: client/assets/provider-icons/auth_service_oidc.svg (compressed_size=414 bytes, uncompressed_size=858 bytes)
[debug] [2025-05-18T14:12:12.484Z] [unzip] Processing entry: client\assets\provider-icons\auth_service_oidc.svg
[debug] [2025-05-18T14:12:12.484Z] [unzip] else mkdir: C:\Users\Luis\.cache\firebase\emulators\ui-v1.15.0\client\assets\provider-icons
[debug] [2025-05-18T14:12:12.484Z] [unzip] deflating: C:\Users\Luis\.cache\firebase\emulators\ui-v1.15.0\client\assets\provider-icons\auth_service_oidc.svg
[debug] [2025-05-18T14:12:12.485Z] [unzip] Entry: client/browserconfig.xml (compressed_size=491 bytes, uncompressed_size=822 bytes)
[debug] [2025-05-18T14:12:12.485Z] [unzip] Processing entry: client\browserconfig.xml
[debug] [2025-05-18T14:12:12.485Z] [unzip] else mkdir: C:\Users\Luis\.cache\firebase\emulators\ui-v1.15.0\client
[debug] [2025-05-18T14:12:12.485Z] [unzip] deflating: C:\Users\Luis\.cache\firebase\emulators\ui-v1.15.0\client\browserconfig.xml
[debug] [2025-05-18T14:12:12.486Z] [unzip] Entry: client/favicon-32x32.png (compressed_size=475 bytes, uncompressed_size=475 bytes)
[debug] [2025-05-18T14:12:12.486Z] [unzip] Processing entry: client\favicon-32x32.png
[debug] [2025-05-18T14:12:12.486Z] [unzip] else mkdir: C:\Users\Luis\.cache\firebase\emulators\ui-v1.15.0\client
[debug] [2025-05-18T14:12:12.486Z] [unzip] Writing file: C:\Users\Luis\.cache\firebase\emulators\ui-v1.15.0\client\favicon-32x32.png
[debug] [2025-05-18T14:12:12.487Z] [unzip] Entry: server/ (compressed_size=0 bytes, uncompressed_size=0 bytes)
[debug] [2025-05-18T14:12:12.487Z] [unzip] Processing entry: server\
[debug] [2025-05-18T14:12:12.487Z] [unzip] mkdir: C:\Users\Luis\.cache\firebase\emulators\ui-v1.15.0\server\
[debug] [2025-05-18T14:12:12.488Z] [unzip] Entry: server/server.mjs.map (compressed_size=217845 bytes, uncompressed_size=944978 bytes)
[debug] [2025-05-18T14:12:12.488Z] [unzip] Processing entry: server\server.mjs.map
[debug] [2025-05-18T14:12:12.488Z] [unzip] else mkdir: C:\Users\Luis\.cache\firebase\emulators\ui-v1.15.0\server
[debug] [2025-05-18T14:12:12.488Z] [unzip] deflating: C:\Users\Luis\.cache\firebase\emulators\ui-v1.15.0\server\server.mjs.map
[debug] [2025-05-18T14:12:12.491Z] [unzip] Entry: server/server.mjs (compressed_size=276407 bytes, uncompressed_size=933701 bytes)
[debug] [2025-05-18T14:12:12.491Z] [unzip] Processing entry: server\server.mjs
[debug] [2025-05-18T14:12:12.492Z] [unzip] else mkdir: C:\Users\Luis\.cache\firebase\emulators\ui-v1.15.0\server
[debug] [2025-05-18T14:12:12.492Z] [unzip] deflating: C:\Users\Luis\.cache\firebase\emulators\ui-v1.15.0\server\server.mjs
[debug] [2025-05-18T14:12:12.502Z] Could not find VSCode notification endpoint: FetchError: request to http://localhost:40001/vscode/notify failed, reason: . If you are not running the Firebase Data Connect VSCode extension, this is expected and not an issue.
[info] 
┌─────────────────────────────────────────────────────────────┐
│ ✔  All emulators ready! It is now safe to connect your app. │
│ i  View Emulator UI at http://127.0.0.1:9000/               │
└─────────────────────────────────────────────────────────────┘

┌───────────┬────────────────┬─────────────────────────────────┐
│ Emulator  │ Host:Port      │ View in Emulator UI             │
├───────────┼────────────────┼─────────────────────────────────┤
│ Firestore │ 127.0.0.1:8080 │ http://127.0.0.1:9000/firestore │
└───────────┴────────────────┴─────────────────────────────────┘
  Emulator Hub host: 127.0.0.1 port: 4400
  Other reserved ports: 4500, 9150

Issues? Report them at https://github.com/firebase/firebase-tools/issues and attach the *-debug.log files.
 
